Parameters:
	const size_t n=1L<<30L;
	//const size_t n=1L<<20L;
	const float maxAge = 99.999f;
	const float groupWidth = 20.0f;
	const size_t m = (size_t)floorf(maxAge/groupWidth + 0.1f);
	const int nTrials = 10;


Initialization...complete.
Iteration 0... time: 0.284 sec
 Performance: 3.774 billion numbers / sec
Result:         480187231       198923578       152622383       128660793      113347839
Iteration 1... time: 0.223 sec
 Performance: 4.812 billion numbers / sec
Result:         480187231       198923578       152622383       128660793      113347839
Iteration 2... time: 0.229 sec
 Performance: 4.688 billion numbers / sec
Result:         480187231       198923578       152622383       128660793      113347839
Iteration 3... time: 0.205 sec
 Performance: 5.238 billion numbers / sec
Result:         480187231       198923578       152622383       128660793      113347839
Iteration 4... time: 0.202 sec
 Performance: 5.310 billion numbers / sec
Result:         480187231       198923578       152622383       128660793      113347839
Iteration 5... time: 0.232 sec
 Performance: 4.619 billion numbers / sec
Result:         480187231       198923578       152622383       128660793      113347839
Iteration 6... time: 0.202 sec
 Performance: 5.303 billion numbers / sec
Result:         480187231       198923578       152622383       128660793      113347839
Iteration 7... time: 0.237 sec
 Performance: 4.531 billion numbers / sec
Result:         480187231       198923578       152622383       128660793      113347839
Iteration 8... time: 0.229 sec
 Performance: 4.686 billion numbers / sec
Result:         480187231       198923578       152622383       128660793      113347839
Iteration 9... time: 0.243 sec
 Performance: 4.417 billion numbers / sec
Result:         480187231       198923578       152622383       128660793      113347839
Iteration 0... time: 0.736 sec
 Performance: 1.459 billion numbers / sec
Result:         480187231       198923578       152622383       128660793      113347839
Iteration 1... time: 0.132 sec
 Performance: 8.124 billion numbers / sec
Result:         480187231       198923578       152622383       128660793      113347839
Iteration 2... time: 0.132 sec
 Performance: 8.112 billion numbers / sec
Result:         480187231       198923578       152622383       128660793      113347839
Iteration 3... time: 0.132 sec
 Performance: 8.111 billion numbers / sec
Result:         480187231       198923578       152622383       128660793      113347839
Iteration 4... time: 0.132 sec
 Performance: 8.112 billion numbers / sec
Result:         480187231       198923578       152622383       128660793      113347839
Iteration 5... time: 0.133 sec
 Performance: 8.100 billion numbers / sec
Result:         480187231       198923578       152622383       128660793      113347839
Iteration 6... time: 0.132 sec
 Performance: 8.125 billion numbers / sec
Result:         480187231       198923578       152622383       128660793      113347839
Iteration 7... time: 0.132 sec
 Performance: 8.122 billion numbers / sec
Result:         480187231       198923578       152622383       128660793      113347839
Iteration 8... time: 0.132 sec
 Performance: 8.121 billion numbers / sec
Result:         480187231       198923578       152622383       128660793      113347839
Iteration 9... time: 0.132 sec
 Performance: 8.110 billion numbers / sec
Result:         480187231       198923578       152622383       128660793      113347839
